Determining if the pthread_create exist failed with the following output:
Change Dir: /home/turtlebot/ultimate/build/CMakeFiles/CMakeTmp

Run Build Command:"/usr/bin/make" "cmTC_7dc18/fast"
/usr/bin/make -f CMakeFiles/cmTC_7dc18.dir/build.make CMakeFiles/cmTC_7dc18.dir/build
make[1]: se entra en el directorio '/home/turtlebot/ultimate/build/CMakeFiles/CMakeTmp'
Building C object CMakeFiles/cmTC_7dc18.dir/CheckSymbolExists.c.o
/usr/bin/cc     -o CMakeFiles/cmTC_7dc18.dir/CheckSymbolExists.c.o   -c /home/turtlebot/ultimate/build/CMakeFiles/CMakeTmp/CheckSymbolExists.c
Linking C executable cmTC_7dc18
/usr/bin/cmake -E cmake_link_script CMakeFiles/cmTC_7dc18.dir/link.txt --verbose=1
/usr/bin/cc       CMakeFiles/cmTC_7dc18.dir/CheckSymbolExists.c.o  -o cmTC_7dc18 -rdynamic 
CMakeFiles/cmTC_7dc18.dir/CheckSymbolExists.c.o: En la función `main':
CheckSymbolExists.c:(.text+0x16): referencia a `pthread_create' sin definir
collect2: error: ld returned 1 exit status
CMakeFiles/cmTC_7dc18.dir/build.make:97: fallo en las instrucciones para el objetivo 'cmTC_7dc18'
make[1]: *** [cmTC_7dc18] Error 1
make[1]: se sale del directorio '/home/turtlebot/ultimate/build/CMakeFiles/CMakeTmp'
Makefile:126: fallo en las instrucciones para el objetivo 'cmTC_7dc18/fast'
make: *** [cmTC_7dc18/fast] Error 2

File /home/turtlebot/ultimate/build/CMakeFiles/CMakeTmp/CheckSymbolExists.c:
/* */
#include <pthread.h>

int main(int argc, char** argv)
{
  (void)argv;
#ifndef pthread_create
  return ((int*)(&pthread_create))[argc];
#else
  (void)argc;
  return 0;
#endif
}

Determining if the function pthread_create exists in the pthreads failed with the following output:
Change Dir: /home/turtlebot/ultimate/build/CMakeFiles/CMakeTmp

Run Build Command:"/usr/bin/make" "cmTC_e0ec9/fast"
/usr/bin/make -f CMakeFiles/cmTC_e0ec9.dir/build.make CMakeFiles/cmTC_e0ec9.dir/build
make[1]: se entra en el directorio '/home/turtlebot/ultimate/build/CMakeFiles/CMakeTmp'
Building C object CMakeFiles/cmTC_e0ec9.dir/CheckFunctionExists.c.o
/usr/bin/cc    -DCHECK_FUNCTION_EXISTS=pthread_create   -o CMakeFiles/cmTC_e0ec9.dir/CheckFunctionExists.c.o   -c /usr/share/cmake-3.5/Modules/CheckFunctionExists.c
Linking C executable cmTC_e0ec9
/usr/bin/cmake -E cmake_link_script CMakeFiles/cmTC_e0ec9.dir/link.txt --verbose=1
/usr/bin/cc   -DCHECK_FUNCTION_EXISTS=pthread_create    CMakeFiles/cmTC_e0ec9.dir/CheckFunctionExists.c.o  -o cmTC_e0ec9 -rdynamic -lpthreads 
/usr/bin/ld: no se puede encontrar -lpthreads
collect2: error: ld returned 1 exit status
CMakeFiles/cmTC_e0ec9.dir/build.make:97: fallo en las instrucciones para el objetivo 'cmTC_e0ec9'
make[1]: *** [cmTC_e0ec9] Error 1
make[1]: se sale del directorio '/home/turtlebot/ultimate/build/CMakeFiles/CMakeTmp'
Makefile:126: fallo en las instrucciones para el objetivo 'cmTC_e0ec9/fast'
make: *** [cmTC_e0ec9/fast] Error 2


